

Microchip Technology PIC18 LITE Macro Assembler V1.41 build -162212810 
                                                                                               Tue May  2 00:33:47 2017

Microchip Technology Omniscient Code Generator v1.41 (Free mode) build 201701250102
     1                           	processor	18F4550
     2                           	fnconf	rparam,??,?,0
     3                           	opt	pw 120
     4                           	opt	lm
     5                           	psect	cinit,global,reloc=2,class=CODE,delta=1
     6                           	psect	cstackCOMRAM,global,class=COMRAM,space=1,delta=1,noexec
     7                           	psect	text0,global,reloc=2,class=CODE,delta=1
     8                           	psect	intsave_regs,global,class=BIGRAM,space=1,delta=1,noexec
     9                           	psect	rparam,global,class=COMRAM,space=1,delta=1,noexec
    10  0000                     
    11                           ; Version 1.41
    12                           ; Generated 25/01/2017 GMT
    13                           ; 
    14                           ; Copyright © 2017, Microchip Technology Inc. and its subsidiaries ("Microchip")
    15                           ; All rights reserved.
    16                           ; 
    17                           ; This software is developed by Microchip Technology Inc. and its subsidiaries ("Microch
      +                          ip").
    18                           ; 
    19                           ; Redistribution and use in source and binary forms, with or without modification, are
    20                           ; permitted provided that the following conditions are met:
    21                           ; 
    22                           ;     1. Redistributions of source code must retain the above copyright notice, this lis
      +                          t of
    23                           ;        conditions and the following disclaimer.
    24                           ; 
    25                           ;     2. Redistributions in binary form must reproduce the above copyright notice, this 
      +                          list
    26                           ;        of conditions and the following disclaimer in the documentation and/or other
    27                           ;        materials provided with the distribution.
    28                           ; 
    29                           ;     3. Microchip's name may not be used to endorse or promote products derived from th
      +                          is
    30                           ;        software without specific prior written permission.
    31                           ; 
    32                           ; THIS SOFTWARE IS PROVIDED BY MICROCHIP "AS IS" AND ANY EXPRESS OR IMPLIED WARRANTIES,
    33                           ; INCLUDING, BUT NOT LIMITED TO, THE IMPLIED WARRANTIES OF MERCHANTABILITY AND FITNESS F
      +                          OR
    34                           ; PURPOSE ARE DISCLAIMED.  IN NO EVENT SHALL MICROCHIP BE LIABLE FOR ANY DIRECT, INDIREC
      +                          T,
    35                           ; INCIDENTAL, SPECIAL, EXEMPLARY, OR CONSEQUENTIAL DAMAGES (INCLUDING BUT NOT LIMITED TO
    36                           ; PROCUREMENT OF SUBSTITUTE GOODS OR SERVICES; LOSS OF USE, DATA OR PROFITS; OR BUSINESS
    37                           ; INTERRUPTION) HOWSOEVER CAUSED AND ON ANY THEORY OF LIABILITY, WHETHER IN CONTRACT, ST
      +                          RICT
    38                           ; LIABILITY, OR TORT (INCLUDING NEGLIGENCE OR OTHERWISE) ARISING IN ANY WAY OUT OF THE U
      +                          SE OF
    39                           ; THIS SOFTWARE, EVEN IF ADVISED OF THE POSSIBILITY OF SUCH DAMAGE.
    40                           ; 
    41                           ; 
    42                           ; Code-generator required, PIC18F4550 Definitions
    43                           ; 
    44                           ; SFR Addresses
    45  0000                     _PORTBbits	set	3969
    46  0000                     _PORTDbits	set	3971
    47  0000                     _PORTB	set	3969
    48  0000                     _PORTD	set	3971
    49  0000                     _TRISB	set	3987
    50  0000                     _TRISD	set	3989
    51                           
    52                           ; #config settings
    53  0000                     
    54                           	psect	cinit
    55  007E46                     __pcinit:
    56                           	opt stack 0
    57  007E46                     start_initialization:
    58                           	opt stack 0
    59  007E46                     __initialization:
    60                           	opt stack 0
    61  007E46                     end_of_initialization:
    62                           	opt stack 0
    63  007E46                     __end_of__initialization:
    64                           	opt stack 0
    65  007E46  0100               	movlb	0
    66  007E48  EF26  F03F         	goto	_main	;jump to C main() function
    67                           
    68                           	psect	cstackCOMRAM
    69  000001                     __pcstackCOMRAM:
    70                           	opt stack 0
    71  000001                     ??_main:
    72                           
    73                           ; 1 bytes @ 0x0
    74  000001                     	ds	2
    75                           
    76 ;;
    77 ;;Main: autosize = 0, tempsize = 2, incstack = 0, save=0
    78 ;;
    79 ;; *************** function _main *****************
    80 ;; Defined at:
    81 ;;		line 75 in file "main.c"
    82 ;; Parameters:    Size  Location     Type
    83 ;;		None
    84 ;; Auto vars:     Size  Location     Type
    85 ;;		None
    86 ;; Return value:  Size  Location     Type
    87 ;;                  1    wreg      void 
    88 ;; Registers used:
    89 ;;		wreg, status,2
    90 ;; Tracked objects:
    91 ;;		On entry : 0/0
    92 ;;		On exit  : 0/0
    93 ;;		Unchanged: 0/0
    94 ;; Data sizes:     COMRAM   BANK0   BANK1   BANK2   BANK3   BANK4   BANK5   BANK6   BANK7
    95 ;;      Params:         0       0       0       0       0       0       0       0       0
    96 ;;      Locals:         0       0       0       0       0       0       0       0       0
    97 ;;      Temps:          2       0       0       0       0       0       0       0       0
    98 ;;      Totals:         2       0       0       0       0       0       0       0       0
    99 ;;Total ram usage:        2 bytes
   100 ;; This function calls:
   101 ;;		Nothing
   102 ;; This function is called by:
   103 ;;		Startup code after reset
   104 ;; This function uses a non-reentrant model
   105 ;;
   106                           
   107                           	psect	text0
   108  007E4C                     __ptext0:
   109                           	opt stack 0
   110  007E4C                     _main:
   111                           	opt stack 31
   112                           
   113                           ;main.c: 76: TRISD = 0x00;
   114                           
   115                           ;incstack = 0
   116  007E4C  0E00               	movlw	0
   117  007E4E  6E95               	movwf	3989,c	;volatile
   118                           
   119                           ;main.c: 77: TRISB = 0x00;
   120  007E50  0E00               	movlw	0
   121  007E52  6E93               	movwf	3987,c	;volatile
   122                           
   123                           ;main.c: 79: PORTD = 0x00;
   124  007E54  0E00               	movlw	0
   125  007E56  6E83               	movwf	3971,c	;volatile
   126                           
   127                           ;main.c: 80: PORTB = 0x00;
   128  007E58  0E00               	movlw	0
   129  007E5A  6E81               	movwf	3969,c	;volatile
   130                           
   131                           ;main.c: 82: PORTDbits.RD0 = 1;
   132  007E5C  8083               	bsf	3971,0,c	;volatile
   133                           
   134                           ;main.c: 83: _delay((unsigned long)((1000)*(8000000/4000.0)));
   135  007E5E  0E0B               	movlw	11
   136  007E60  6E02               	movwf	(??_main+1)& (0+255),c
   137  007E62  0E26               	movlw	38
   138  007E64  6E01               	movwf	??_main& (0+255),c
   139  007E66  0E5E               	movlw	94
   140  007E68                     u17:
   141  007E68  2EE8               	decfsz	wreg,f,c
   142  007E6A  D7FE               	bra	u17
   143  007E6C  2E01               	decfsz	??_main& (0+255),f,c
   144  007E6E  D7FC               	bra	u17
   145  007E70  2E02               	decfsz	(??_main+1)& (0+255),f,c
   146  007E72  D7FA               	bra	u17
   147                           
   148                           ;main.c: 85: PORTDbits.RD0 = 0;
   149  007E74  9083               	bcf	3971,0,c	;volatile
   150                           
   151                           ;main.c: 86: PORTDbits.RD1 = 1;
   152  007E76  8283               	bsf	3971,1,c	;volatile
   153                           
   154                           ;main.c: 87: _delay((unsigned long)((1000)*(8000000/4000.0)));
   155  007E78  0E0B               	movlw	11
   156  007E7A  6E02               	movwf	(??_main+1)& (0+255),c
   157  007E7C  0E26               	movlw	38
   158  007E7E  6E01               	movwf	??_main& (0+255),c
   159  007E80  0E5E               	movlw	94
   160  007E82                     u27:
   161  007E82  2EE8               	decfsz	wreg,f,c
   162  007E84  D7FE               	bra	u27
   163  007E86  2E01               	decfsz	??_main& (0+255),f,c
   164  007E88  D7FC               	bra	u27
   165  007E8A  2E02               	decfsz	(??_main+1)& (0+255),f,c
   166  007E8C  D7FA               	bra	u27
   167                           
   168                           ;main.c: 89: PORTDbits.RD1 = 0;
   169  007E8E  9283               	bcf	3971,1,c	;volatile
   170                           
   171                           ;main.c: 90: PORTDbits.RD2 = 1;
   172  007E90  8483               	bsf	3971,2,c	;volatile
   173                           
   174                           ;main.c: 91: _delay((unsigned long)((1000)*(8000000/4000.0)));
   175  007E92  0E0B               	movlw	11
   176  007E94  6E02               	movwf	(??_main+1)& (0+255),c
   177  007E96  0E26               	movlw	38
   178  007E98  6E01               	movwf	??_main& (0+255),c
   179  007E9A  0E5E               	movlw	94
   180  007E9C                     u37:
   181  007E9C  2EE8               	decfsz	wreg,f,c
   182  007E9E  D7FE               	bra	u37
   183  007EA0  2E01               	decfsz	??_main& (0+255),f,c
   184  007EA2  D7FC               	bra	u37
   185  007EA4  2E02               	decfsz	(??_main+1)& (0+255),f,c
   186  007EA6  D7FA               	bra	u37
   187                           
   188                           ;main.c: 93: PORTDbits.RD2 = 0;
   189  007EA8  9483               	bcf	3971,2,c	;volatile
   190                           
   191                           ;main.c: 94: PORTDbits.RD3 = 1;
   192  007EAA  8683               	bsf	3971,3,c	;volatile
   193                           
   194                           ;main.c: 95: _delay((unsigned long)((1000)*(8000000/4000.0)));
   195  007EAC  0E0B               	movlw	11
   196  007EAE  6E02               	movwf	(??_main+1)& (0+255),c
   197  007EB0  0E26               	movlw	38
   198  007EB2  6E01               	movwf	??_main& (0+255),c
   199  007EB4  0E5E               	movlw	94
   200  007EB6                     u47:
   201  007EB6  2EE8               	decfsz	wreg,f,c
   202  007EB8  D7FE               	bra	u47
   203  007EBA  2E01               	decfsz	??_main& (0+255),f,c
   204  007EBC  D7FC               	bra	u47
   205  007EBE  2E02               	decfsz	(??_main+1)& (0+255),f,c
   206  007EC0  D7FA               	bra	u47
   207                           
   208                           ;main.c: 97: PORTDbits.RD3 = 0;
   209  007EC2  9683               	bcf	3971,3,c	;volatile
   210                           
   211                           ;main.c: 98: PORTDbits.RD4 = 1;
   212  007EC4  8883               	bsf	3971,4,c	;volatile
   213                           
   214                           ;main.c: 99: _delay((unsigned long)((1000)*(8000000/4000.0)));
   215  007EC6  0E0B               	movlw	11
   216  007EC8  6E02               	movwf	(??_main+1)& (0+255),c
   217  007ECA  0E26               	movlw	38
   218  007ECC  6E01               	movwf	??_main& (0+255),c
   219  007ECE  0E5E               	movlw	94
   220  007ED0                     u57:
   221  007ED0  2EE8               	decfsz	wreg,f,c
   222  007ED2  D7FE               	bra	u57
   223  007ED4  2E01               	decfsz	??_main& (0+255),f,c
   224  007ED6  D7FC               	bra	u57
   225  007ED8  2E02               	decfsz	(??_main+1)& (0+255),f,c
   226  007EDA  D7FA               	bra	u57
   227                           
   228                           ;main.c: 101: PORTDbits.RD4 = 0;
   229  007EDC  9883               	bcf	3971,4,c	;volatile
   230                           
   231                           ;main.c: 102: PORTDbits.RD5 = 1;
   232  007EDE  8A83               	bsf	3971,5,c	;volatile
   233                           
   234                           ;main.c: 103: _delay((unsigned long)((1000)*(8000000/4000.0)));
   235  007EE0  0E0B               	movlw	11
   236  007EE2  6E02               	movwf	(??_main+1)& (0+255),c
   237  007EE4  0E26               	movlw	38
   238  007EE6  6E01               	movwf	??_main& (0+255),c
   239  007EE8  0E5E               	movlw	94
   240  007EEA                     u67:
   241  007EEA  2EE8               	decfsz	wreg,f,c
   242  007EEC  D7FE               	bra	u67
   243  007EEE  2E01               	decfsz	??_main& (0+255),f,c
   244  007EF0  D7FC               	bra	u67
   245  007EF2  2E02               	decfsz	(??_main+1)& (0+255),f,c
   246  007EF4  D7FA               	bra	u67
   247                           
   248                           ;main.c: 105: PORTDbits.RD5 = 0;
   249  007EF6  9A83               	bcf	3971,5,c	;volatile
   250                           
   251                           ;main.c: 106: PORTDbits.RD6 = 1;
   252  007EF8  8C83               	bsf	3971,6,c	;volatile
   253                           
   254                           ;main.c: 107: _delay((unsigned long)((1000)*(8000000/4000.0)));
   255  007EFA  0E0B               	movlw	11
   256  007EFC  6E02               	movwf	(??_main+1)& (0+255),c
   257  007EFE  0E26               	movlw	38
   258  007F00  6E01               	movwf	??_main& (0+255),c
   259  007F02  0E5E               	movlw	94
   260  007F04                     u77:
   261  007F04  2EE8               	decfsz	wreg,f,c
   262  007F06  D7FE               	bra	u77
   263  007F08  2E01               	decfsz	??_main& (0+255),f,c
   264  007F0A  D7FC               	bra	u77
   265  007F0C  2E02               	decfsz	(??_main+1)& (0+255),f,c
   266  007F0E  D7FA               	bra	u77
   267                           
   268                           ;main.c: 109: PORTDbits.RD6 = 0;
   269  007F10  9C83               	bcf	3971,6,c	;volatile
   270                           
   271                           ;main.c: 110: PORTDbits.RD7 = 1;
   272  007F12  8E83               	bsf	3971,7,c	;volatile
   273                           
   274                           ;main.c: 111: _delay((unsigned long)((1000)*(8000000/4000.0)));
   275  007F14  0E0B               	movlw	11
   276  007F16  6E02               	movwf	(??_main+1)& (0+255),c
   277  007F18  0E26               	movlw	38
   278  007F1A  6E01               	movwf	??_main& (0+255),c
   279  007F1C  0E5E               	movlw	94
   280  007F1E                     u87:
   281  007F1E  2EE8               	decfsz	wreg,f,c
   282  007F20  D7FE               	bra	u87
   283  007F22  2E01               	decfsz	??_main& (0+255),f,c
   284  007F24  D7FC               	bra	u87
   285  007F26  2E02               	decfsz	(??_main+1)& (0+255),f,c
   286  007F28  D7FA               	bra	u87
   287                           
   288                           ;main.c: 113: PORTDbits.RD7 = 0;
   289  007F2A  9E83               	bcf	3971,7,c	;volatile
   290                           
   291                           ;main.c: 115: PORTBbits.RB0 = 1;
   292  007F2C  8081               	bsf	3969,0,c	;volatile
   293                           
   294                           ;main.c: 116: _delay((unsigned long)((1000)*(8000000/4000.0)));
   295  007F2E  0E0B               	movlw	11
   296  007F30  6E02               	movwf	(??_main+1)& (0+255),c
   297  007F32  0E26               	movlw	38
   298  007F34  6E01               	movwf	??_main& (0+255),c
   299  007F36  0E5E               	movlw	94
   300  007F38                     u97:
   301  007F38  2EE8               	decfsz	wreg,f,c
   302  007F3A  D7FE               	bra	u97
   303  007F3C  2E01               	decfsz	??_main& (0+255),f,c
   304  007F3E  D7FC               	bra	u97
   305  007F40  2E02               	decfsz	(??_main+1)& (0+255),f,c
   306  007F42  D7FA               	bra	u97
   307                           
   308                           ;main.c: 118: PORTBbits.RB0 = 0;
   309  007F44  9081               	bcf	3969,0,c	;volatile
   310                           
   311                           ;main.c: 119: PORTBbits.RB1 = 1;
   312  007F46  8281               	bsf	3969,1,c	;volatile
   313                           
   314                           ;main.c: 120: _delay((unsigned long)((1000)*(8000000/4000.0)));
   315  007F48  0E0B               	movlw	11
   316  007F4A  6E02               	movwf	(??_main+1)& (0+255),c
   317  007F4C  0E26               	movlw	38
   318  007F4E  6E01               	movwf	??_main& (0+255),c
   319  007F50  0E5E               	movlw	94
   320  007F52                     u107:
   321  007F52  2EE8               	decfsz	wreg,f,c
   322  007F54  D7FE               	bra	u107
   323  007F56  2E01               	decfsz	??_main& (0+255),f,c
   324  007F58  D7FC               	bra	u107
   325  007F5A  2E02               	decfsz	(??_main+1)& (0+255),f,c
   326  007F5C  D7FA               	bra	u107
   327                           
   328                           ;main.c: 122: PORTBbits.RB1 = 0;
   329  007F5E  9281               	bcf	3969,1,c	;volatile
   330                           
   331                           ;main.c: 123: PORTBbits.RB2 = 1;
   332  007F60  8481               	bsf	3969,2,c	;volatile
   333                           
   334                           ;main.c: 124: _delay((unsigned long)((1000)*(8000000/4000.0)));
   335  007F62  0E0B               	movlw	11
   336  007F64  6E02               	movwf	(??_main+1)& (0+255),c
   337  007F66  0E26               	movlw	38
   338  007F68  6E01               	movwf	??_main& (0+255),c
   339  007F6A  0E5E               	movlw	94
   340  007F6C                     u117:
   341  007F6C  2EE8               	decfsz	wreg,f,c
   342  007F6E  D7FE               	bra	u117
   343  007F70  2E01               	decfsz	??_main& (0+255),f,c
   344  007F72  D7FC               	bra	u117
   345  007F74  2E02               	decfsz	(??_main+1)& (0+255),f,c
   346  007F76  D7FA               	bra	u117
   347                           
   348                           ;main.c: 126: PORTBbits.RB2 = 0;
   349  007F78  9481               	bcf	3969,2,c	;volatile
   350                           
   351                           ;main.c: 127: PORTBbits.RB3 = 1;
   352  007F7A  8681               	bsf	3969,3,c	;volatile
   353                           
   354                           ;main.c: 128: _delay((unsigned long)((1000)*(8000000/4000.0)));
   355  007F7C  0E0B               	movlw	11
   356  007F7E  6E02               	movwf	(??_main+1)& (0+255),c
   357  007F80  0E26               	movlw	38
   358  007F82  6E01               	movwf	??_main& (0+255),c
   359  007F84  0E5E               	movlw	94
   360  007F86                     u127:
   361  007F86  2EE8               	decfsz	wreg,f,c
   362  007F88  D7FE               	bra	u127
   363  007F8A  2E01               	decfsz	??_main& (0+255),f,c
   364  007F8C  D7FC               	bra	u127
   365  007F8E  2E02               	decfsz	(??_main+1)& (0+255),f,c
   366  007F90  D7FA               	bra	u127
   367                           
   368                           ;main.c: 130: PORTBbits.RB3 = 0;
   369  007F92  9681               	bcf	3969,3,c	;volatile
   370                           
   371                           ;main.c: 131: PORTBbits.RB4 = 1;
   372  007F94  8881               	bsf	3969,4,c	;volatile
   373                           
   374                           ;main.c: 132: _delay((unsigned long)((1000)*(8000000/4000.0)));
   375  007F96  0E0B               	movlw	11
   376  007F98  6E02               	movwf	(??_main+1)& (0+255),c
   377  007F9A  0E26               	movlw	38
   378  007F9C  6E01               	movwf	??_main& (0+255),c
   379  007F9E  0E5E               	movlw	94
   380  007FA0                     u137:
   381  007FA0  2EE8               	decfsz	wreg,f,c
   382  007FA2  D7FE               	bra	u137
   383  007FA4  2E01               	decfsz	??_main& (0+255),f,c
   384  007FA6  D7FC               	bra	u137
   385  007FA8  2E02               	decfsz	(??_main+1)& (0+255),f,c
   386  007FAA  D7FA               	bra	u137
   387                           
   388                           ;main.c: 134: PORTBbits.RB4 = 0;
   389  007FAC  9881               	bcf	3969,4,c	;volatile
   390                           
   391                           ;main.c: 135: PORTBbits.RB5 = 1;
   392  007FAE  8A81               	bsf	3969,5,c	;volatile
   393                           
   394                           ;main.c: 136: _delay((unsigned long)((1000)*(8000000/4000.0)));
   395  007FB0  0E0B               	movlw	11
   396  007FB2  6E02               	movwf	(??_main+1)& (0+255),c
   397  007FB4  0E26               	movlw	38
   398  007FB6  6E01               	movwf	??_main& (0+255),c
   399  007FB8  0E5E               	movlw	94
   400  007FBA                     u147:
   401  007FBA  2EE8               	decfsz	wreg,f,c
   402  007FBC  D7FE               	bra	u147
   403  007FBE  2E01               	decfsz	??_main& (0+255),f,c
   404  007FC0  D7FC               	bra	u147
   405  007FC2  2E02               	decfsz	(??_main+1)& (0+255),f,c
   406  007FC4  D7FA               	bra	u147
   407                           
   408                           ;main.c: 138: PORTBbits.RB5 = 0;
   409  007FC6  9A81               	bcf	3969,5,c	;volatile
   410                           
   411                           ;main.c: 139: PORTBbits.RB6 = 1;
   412  007FC8  8C81               	bsf	3969,6,c	;volatile
   413                           
   414                           ;main.c: 140: _delay((unsigned long)((1000)*(8000000/4000.0)));
   415  007FCA  0E0B               	movlw	11
   416  007FCC  6E02               	movwf	(??_main+1)& (0+255),c
   417  007FCE  0E26               	movlw	38
   418  007FD0  6E01               	movwf	??_main& (0+255),c
   419  007FD2  0E5E               	movlw	94
   420  007FD4                     u157:
   421  007FD4  2EE8               	decfsz	wreg,f,c
   422  007FD6  D7FE               	bra	u157
   423  007FD8  2E01               	decfsz	??_main& (0+255),f,c
   424  007FDA  D7FC               	bra	u157
   425  007FDC  2E02               	decfsz	(??_main+1)& (0+255),f,c
   426  007FDE  D7FA               	bra	u157
   427                           
   428                           ;main.c: 142: PORTBbits.RB6 = 0;
   429  007FE0  9C81               	bcf	3969,6,c	;volatile
   430                           
   431                           ;main.c: 143: PORTBbits.RB7 = 1;
   432  007FE2  8E81               	bsf	3969,7,c	;volatile
   433                           
   434                           ;main.c: 144: _delay((unsigned long)((1000)*(8000000/4000.0)));
   435  007FE4  0E0B               	movlw	11
   436  007FE6  6E02               	movwf	(??_main+1)& (0+255),c
   437  007FE8  0E26               	movlw	38
   438  007FEA  6E01               	movwf	??_main& (0+255),c
   439  007FEC  0E5E               	movlw	94
   440  007FEE                     u167:
   441  007FEE  2EE8               	decfsz	wreg,f,c
   442  007FF0  D7FE               	bra	u167
   443  007FF2  2E01               	decfsz	??_main& (0+255),f,c
   444  007FF4  D7FC               	bra	u167
   445  007FF6  2E02               	decfsz	(??_main+1)& (0+255),f,c
   446  007FF8  D7FA               	bra	u167
   447                           
   448                           ;main.c: 146: PORTBbits.RB7 = 0;
   449  007FFA  9E81               	bcf	3969,7,c	;volatile
   450                           
   451                           ;main.c: 148: return;
   452  007FFC  EF00  F000         	goto	start
   453  008000                     __end_of_main:
   454                           	opt stack 0
   455  0000                     wreg	equ	0xFE8
   456                           wreg	equ	0xFE8
   457                           
   458                           	psect	rparam
   459  0000                     wreg	equ	0xFE8


Data Sizes:
    Strings     0
    Constant    0
    Data        0
    BSS         0
    Persistent  0
    Stack       0

Auto Spaces:
    Space          Size  Autos    Used
    COMRAM           95      2       2
    BANK0           160      0       0
    BANK1           256      0       0
    BANK2           256      0       0
    BANK3           256      0       0
    BANK4           256      0       0
    BANK5           256      0       0
    BANK6           256      0       0
    BANK7           256      0       0

Pointer List with Targets:

    None.

Critical Paths under _main in COMRAM

    None.

Critical Paths under _main in BANK0

    None.

Critical Paths under _main in BANK1

    None.

Critical Paths under _main in BANK2

    None.

Critical Paths under _main in BANK3

    None.

Critical Paths under _main in BANK4

    None.

Critical Paths under _main in BANK5

    None.

Critical Paths under _main in BANK6

    None.

Critical Paths under _main in BANK7

    None.

Call Graph Tables:

 ---------------------------------------------------------------------------------
 (Depth) Function   	        Calls       Base Space   Used Autos Params    Refs
 ---------------------------------------------------------------------------------
 (0) _main                                                 2     2      0       0
                                              0 COMRAM     2     2      0
 ---------------------------------------------------------------------------------
 Estimated maximum stack depth 0
 ---------------------------------------------------------------------------------

 Call Graph Graphs:

 _main (ROOT)

 Address spaces:
Name               Size   Autos  Total    Cost      Usage
BITCOMRAM           5F      0       0       0        0.0%
EEDATA             100      0       0       0        0.0%
NULL                 0      0       0       0        0.0%
CODE                 0      0       0       0        0.0%
COMRAM              5F      2       2       1        2.1%
STACK                0      0       0       2        0.0%
DATA                 0      0       0       3        0.0%
BITBANK0            A0      0       0       4        0.0%
BANK0               A0      0       0       5        0.0%
BITBANK1           100      0       0       6        0.0%
BANK1              100      0       0       7        0.0%
BITBANK2           100      0       0       8        0.0%
BANK2              100      0       0       9        0.0%
BITBANK3           100      0       0      10        0.0%
BANK3              100      0       0      11        0.0%
BITBANK4           100      0       0      12        0.0%
BANK4              100      0       0      13        0.0%
BITBANK5           100      0       0      14        0.0%
BANK5              100      0       0      15        0.0%
BITBANK6           100      0       0      16        0.0%
BANK6              100      0       0      17        0.0%
BITBANK7           100      0       0      18        0.0%
BANK7              100      0       0      19        0.0%
ABS                  0      0       0      20        0.0%
BIGRAM             7FF      0       0      21        0.0%
BITSFR               0      0       0     200        0.0%
SFR                  0      0       0     200        0.0%


Microchip Technology PIC18 Macro Assembler V1.41 build -162212810 
Symbol Table                                                                                   Tue May  2 00:33:47 2017

                     u17 7E68                       u27 7E82                       u37 7E9C  
                     u47 7EB6                       u57 7ED0                       u67 7EEA  
                     u77 7F04                       u87 7F1E                       u97 7F38  
            __CFG_BOR$ON 000000              __CFG_BORV$3 000000             __CFG_CP0$OFF 000000  
           __CFG_CP1$OFF 000000             __CFG_CP2$OFF 000000             __CFG_CP3$OFF 000000  
            __CFG_LVP$ON 000000             __CFG_CPB$OFF 000000                      u107 7F52  
                    u117 7F6C                      u127 7F86                      u137 7FA0  
                    u147 7FBA                      u157 7FD4                      u167 7FEE  
           __CFG_CPD$OFF 000000                      wreg 000FE8             __CFG_FOSC$HS 000000  
           __CFG_WDT$OFF 000000                     _main 7E4C                     start 0000  
          __CFG_IESO$OFF 000000            __CFG_MCLRE$ON 000000             ___param_bank 000000  
          __CFG_PLLDIV$1 000000           __CFG_CCP2MX$ON 000000                    ?_main 0001  
                  _PORTB 000F81                    _PORTD 000F83            __CFG_USBDIV$1 000000  
                  _TRISB 000F93                    _TRISD 000F95            __CFG_PWRT$OFF 000000  
          __CFG_WRT0$OFF 000000            __CFG_WRT1$OFF 000000            __CFG_WRT2$OFF 000000  
          __CFG_WRT3$OFF 000000           __CFG_EBTR0$OFF 000000           __CFG_FCMEN$OFF 000000  
         __CFG_EBTR1$OFF 000000           __CFG_EBTR2$OFF 000000           __CFG_EBTR3$OFF 000000  
          __CFG_WRTB$OFF 000000            __CFG_WRTC$OFF 000000            __CFG_WRTD$OFF 000000  
         __CFG_EBTRB$OFF 000000           __CFG_ICPRT$OFF 000000           __CFG_PBADEN$ON 000000  
        __initialization 7E46             __end_of_main 8000                   ??_main 0001  
          __activetblptr 000000           __CFG_XINST$OFF 000000           __CFG_STVREN$ON 000000  
             __accesstop 0060  __end_of__initialization 7E46            ___rparam_used 000001  
         __pcstackCOMRAM 0001          __CFG_VREGEN$OFF 000000                  __Hparam 0000  
                __Lparam 0000                  __pcinit 7E46                  __ramtop 0800  
                __ptext0 7E4C     end_of_initialization 7E46                _PORTBbits 000F81  
              _PORTDbits 000F83      start_initialization 7E46         __CFG_LPT1OSC$OFF 000000  
       __CFG_WDTPS$32768 000000                 __Hrparam 0000                 __Lrparam 0000  
          __size_of_main 01B4    __CFG_CPUDIV$OSC1_PLL2 000000  
